Performing C SOURCE FILE Test CMAKE_HAVE_LIBC_PTHREAD failed with the following output:
Change Dir: /home/thunderstorm010/calrov-odev/catkin_ws/build/gmock/CMakeFiles/CMakeTmp

Run Build Command(s):/usr/bin/gmake -f Makefile cmTC_54161/fast && gmake[3]: Entering directory '/home/thunderstorm010/calrov-odev/catkin_ws/build/gmock/CMakeFiles/CMakeTmp'
/usr/bin/gmake  -f CMakeFiles/cmTC_54161.dir/build.make CMakeFiles/cmTC_54161.dir/build
gmake[4]: Entering directory '/home/thunderstorm010/calrov-odev/catkin_ws/build/gmock/CMakeFiles/CMakeTmp'
Building C object CMakeFiles/cmTC_54161.dir/src.c.o
/home/thunderstorm010/mambaforge/envs/ros_env/bin/x86_64-conda-linux-gnu-cc -DCMAKE_HAVE_LIBC_PTHREAD  -march=nocona -mtune=haswell -ftree-vectorize -fPIC -fstack-protector-strong -fno-plt -O2 -ffunction-sections -pipe -isystem /home/thunderstorm010/mambaforge/envs/ros_env/include  -o CMakeFiles/cmTC_54161.dir/src.c.o -c /home/thunderstorm010/calrov-odev/catkin_ws/build/gmock/CMakeFiles/CMakeTmp/src.c
Linking C executable cmTC_54161
/home/thunderstorm010/mambaforge/envs/ros_env/bin/cmake -E cmake_link_script CMakeFiles/cmTC_54161.dir/link.txt --verbose=1
/home/thunderstorm010/mambaforge/envs/ros_env/bin/x86_64-conda-linux-gnu-cc -march=nocona -mtune=haswell -ftree-vectorize -fPIC -fstack-protector-strong -fno-plt -O2 -ffunction-sections -pipe -isystem /home/thunderstorm010/mambaforge/envs/ros_env/include  -Wl,-O2 -Wl,--sort-common -Wl,--as-needed -Wl,-z,relro -Wl,-z,now -Wl,--disable-new-dtags -Wl,--gc-sections -Wl,--allow-shlib-undefined -Wl,-rpath,/home/thunderstorm010/mambaforge/envs/ros_env/lib -Wl,-rpath-link,/home/thunderstorm010/mambaforge/envs/ros_env/lib -L/home/thunderstorm010/mambaforge/envs/ros_env/lib  -rdynamic CMakeFiles/cmTC_54161.dir/src.c.o -o cmTC_54161 
/home/thunderstorm010/mambaforge/envs/ros_env/bin/../lib/gcc/x86_64-conda-linux-gnu/10.4.0/../../../../x86_64-conda-linux-gnu/bin/ld: CMakeFiles/cmTC_54161.dir/src.c.o: in function `main':
src.c:(.text.startup.main+0x24): undefined reference to `pthread_create'
/home/thunderstorm010/mambaforge/envs/ros_env/bin/../lib/gcc/x86_64-conda-linux-gnu/10.4.0/../../../../x86_64-conda-linux-gnu/bin/ld: src.c:(.text.startup.main+0x2e): undefined reference to `pthread_detach'
/home/thunderstorm010/mambaforge/envs/ros_env/bin/../lib/gcc/x86_64-conda-linux-gnu/10.4.0/../../../../x86_64-conda-linux-gnu/bin/ld: src.c:(.text.startup.main+0x38): undefined reference to `pthread_cancel'
/home/thunderstorm010/mambaforge/envs/ros_env/bin/../lib/gcc/x86_64-conda-linux-gnu/10.4.0/../../../../x86_64-conda-linux-gnu/bin/ld: src.c:(.text.startup.main+0x44): undefined reference to `pthread_join'
/home/thunderstorm010/mambaforge/envs/ros_env/bin/../lib/gcc/x86_64-conda-linux-gnu/10.4.0/../../../../x86_64-conda-linux-gnu/bin/ld: src.c:(.text.startup.main+0x50): undefined reference to `pthread_atfork'
collect2: error: ld returned 1 exit status
gmake[4]: *** [CMakeFiles/cmTC_54161.dir/build.make:99: cmTC_54161] Error 1
gmake[4]: Leaving directory '/home/thunderstorm010/calrov-odev/catkin_ws/build/gmock/CMakeFiles/CMakeTmp'
gmake[3]: *** [Makefile:127: cmTC_54161/fast] Error 2
gmake[3]: Leaving directory '/home/thunderstorm010/calrov-odev/catkin_ws/build/gmock/CMakeFiles/CMakeTmp'


Source file was:
#include <pthread.h>

static void* test_func(void* data)
{
  return data;
}

int main(void)
{
  pthread_t thread;
  pthread_create(&thread, NULL, test_func, NULL);
  pthread_detach(thread);
  pthread_cancel(thread);
  pthread_join(thread, NULL);
  pthread_atfork(NULL, NULL, NULL);
  pthread_exit(NULL);

  return 0;
}

Determining if the function pthread_create exists in the pthreads failed with the following output:
Change Dir: /home/thunderstorm010/calrov-odev/catkin_ws/build/gmock/CMakeFiles/CMakeTmp

Run Build Command(s):/usr/bin/gmake -f Makefile cmTC_8968d/fast && gmake[3]: Entering directory '/home/thunderstorm010/calrov-odev/catkin_ws/build/gmock/CMakeFiles/CMakeTmp'
/usr/bin/gmake  -f CMakeFiles/cmTC_8968d.dir/build.make CMakeFiles/cmTC_8968d.dir/build
gmake[4]: Entering directory '/home/thunderstorm010/calrov-odev/catkin_ws/build/gmock/CMakeFiles/CMakeTmp'
Building C object CMakeFiles/cmTC_8968d.dir/CheckFunctionExists.c.o
/home/thunderstorm010/mambaforge/envs/ros_env/bin/x86_64-conda-linux-gnu-cc   -march=nocona -mtune=haswell -ftree-vectorize -fPIC -fstack-protector-strong -fno-plt -O2 -ffunction-sections -pipe -isystem /home/thunderstorm010/mambaforge/envs/ros_env/include -DCHECK_FUNCTION_EXISTS=pthread_create -o CMakeFiles/cmTC_8968d.dir/CheckFunctionExists.c.o -c /home/thunderstorm010/mambaforge/envs/ros_env/share/cmake-3.24/Modules/CheckFunctionExists.c
Linking C executable cmTC_8968d
/home/thunderstorm010/mambaforge/envs/ros_env/bin/cmake -E cmake_link_script CMakeFiles/cmTC_8968d.dir/link.txt --verbose=1
/home/thunderstorm010/mambaforge/envs/ros_env/bin/x86_64-conda-linux-gnu-cc -march=nocona -mtune=haswell -ftree-vectorize -fPIC -fstack-protector-strong -fno-plt -O2 -ffunction-sections -pipe -isystem /home/thunderstorm010/mambaforge/envs/ros_env/include -DCHECK_FUNCTION_EXISTS=pthread_create -Wl,-O2 -Wl,--sort-common -Wl,--as-needed -Wl,-z,relro -Wl,-z,now -Wl,--disable-new-dtags -Wl,--gc-sections -Wl,--allow-shlib-undefined -Wl,-rpath,/home/thunderstorm010/mambaforge/envs/ros_env/lib -Wl,-rpath-link,/home/thunderstorm010/mambaforge/envs/ros_env/lib -L/home/thunderstorm010/mambaforge/envs/ros_env/lib  -rdynamic CMakeFiles/cmTC_8968d.dir/CheckFunctionExists.c.o -o cmTC_8968d  -lpthreads 
/home/thunderstorm010/mambaforge/envs/ros_env/bin/../lib/gcc/x86_64-conda-linux-gnu/10.4.0/../../../../x86_64-conda-linux-gnu/bin/ld: cannot find -lpthreads: No such file or directory
collect2: error: ld returned 1 exit status
gmake[4]: *** [CMakeFiles/cmTC_8968d.dir/build.make:99: cmTC_8968d] Error 1
gmake[4]: Leaving directory '/home/thunderstorm010/calrov-odev/catkin_ws/build/gmock/CMakeFiles/CMakeTmp'
gmake[3]: *** [Makefile:127: cmTC_8968d/fast] Error 2
gmake[3]: Leaving directory '/home/thunderstorm010/calrov-odev/catkin_ws/build/gmock/CMakeFiles/CMakeTmp'



